<?xml version="1.0" encoding="UTF-8"?>
<!-- Generated by org.testng.reporters.JUnitXMLReporter -->
<testsuite ignored="0" hostname="LAPTOP-QMVBMSNB" failures="0" tests="4" name="Test" time="40.308" errors="0" timestamp="2023-11-27T22:51:37 IST">
  <testcase classname="com.Demo.Custmer_login" name="loginPage" time="1.86"/>
  <testcase classname="com.Demo.Manager_Login" name="loginPage" time="2.223"/>
  <testcase classname="com.Demo.Manager_Login" name="addCurrency" time="1.018"/>
  <testcase classname="com.Demo.Manager_Login" name="loginPage_02" time="22.317"/>
</testsuite> <!-- Test -->
